TN:
SF:app/_layout.tsx
FN:5,RootLayout
FNF:1
FNH:1
FNDA:1,RootLayout
DA:6,1
LF:1
LH:1
BRF:0
BRH:0
end_of_record
TN:
SF:app/details.tsx
FN:14,DetailsScreen
FN:15,(anonymous_1)
FNF:2
FNH:2
FNDA:1,DetailsScreen
FNDA:1,(anonymous_1)
DA:15,1
DA:16,1
DA:19,1
LF:3
LH:3
BRF:0
BRH:0
end_of_record
TN:
SF:app/index.tsx
FN:3,Index
FNF:1
FNH:1
FNDA:1,Index
DA:4,1
LF:1
LH:1
BRF:0
BRH:0
end_of_record
TN:
SF:app/(tabs)/_layout.tsx
FN:4,TabLayout
FN:29,(anonymous_1)
FN:36,(anonymous_2)
FNF:3
FNH:3
FNDA:2,TabLayout
FNDA:1,(anonymous_1)
FNDA:1,(anonymous_2)
DA:5,2
DA:29,1
DA:36,1
LF:3
LH:3
BRF:0
BRH:0
end_of_record
TN:
SF:app/(tabs)/index.tsx
FN:4,HomeTab
FNF:1
FNH:1
FNDA:1,HomeTab
DA:5,1
LF:1
LH:1
BRF:0
BRH:0
end_of_record
TN:
SF:app/(tabs)/profile.tsx
FN:22,(anonymous_0)
FN:42,ProfileScreen
FNF:2
FNH:2
FNDA:4,(anonymous_0)
FNDA:1,ProfileScreen
DA:22,1
DA:23,4
DA:43,1
LF:3
LH:3
BRF:0
BRH:0
end_of_record
TN:
SF:app/screens/HomeScreen.tsx
FN:26,(anonymous_0)
FN:114,(anonymous_1)
FN:149,HomeScreen
FN:153,(anonymous_3)
FN:159,(anonymous_4)
FN:165,(anonymous_5)
FN:171,(anonymous_6)
FN:175,(anonymous_7)
FN:274,(anonymous_8)
FN:305,(anonymous_9)
FN:310,(anonymous_10)
FNF:11
FNH:11
FNDA:33,(anonymous_0)
FNDA:31,(anonymous_1)
FNDA:11,HomeScreen
FNDA:42,(anonymous_3)
FNDA:4,(anonymous_4)
FNDA:1,(anonymous_5)
FNDA:1,(anonymous_6)
FNDA:1,(anonymous_7)
FNDA:31,(anonymous_8)
FNDA:33,(anonymous_9)
FNDA:2,(anonymous_10)
DA:26,1
DA:27,33
DA:55,1
DA:106,1
DA:114,1
DA:115,31
DA:150,11
DA:151,11
DA:153,11
DA:154,42
DA:155,42
DA:156,42
DA:159,11
DA:160,4
DA:161,4
DA:165,11
DA:166,1
DA:167,1
DA:171,11
DA:172,1
DA:175,11
DA:176,1
DA:179,11
DA:275,31
DA:306,33
DA:310,2
LF:26
LH:26
BRDA:160,0,0,4
BRDA:160,0,1,0
BRDA:166,1,0,1
BRDA:166,1,1,0
BRDA:282,2,0,31
BRDA:282,2,1,20
BRDA:296,3,0,6
BRDA:296,3,1,5
BRDA:308,4,0,11
BRDA:308,4,1,22
BRDA:312,5,0,11
BRDA:312,5,1,22
BRDA:315,6,0,11
BRDA:315,6,1,22
BRDA:329,7,0,2
BRDA:329,7,1,9
BRF:16
BRH:14
end_of_record
TN:
SF:components/ui/avatar/index.tsx
FN:26,(anonymous_0)
FN:50,(anonymous_1)
FN:63,(anonymous_2)
FN:64,(anonymous_3)
FN:80,(anonymous_4)
FN:93,(anonymous_5)
FNF:6
FNH:6
FNDA:7,(anonymous_0)
FNDA:2,(anonymous_1)
FNDA:6,(anonymous_2)
FNDA:11,(anonymous_3)
FNDA:2,(anonymous_4)
FNDA:1,(anonymous_5)
DA:25,2
DA:27,7
DA:36,7
DA:49,2
DA:51,2
DA:62,2
DA:64,11
DA:66,6
DA:79,2
DA:81,2
DA:92,2
DA:94,1
DA:107,2
DA:108,2
DA:109,2
DA:110,2
DA:111,2
LF:17
LH:17
BRDA:26,0,0,6
BRDA:26,1,0,7
BRDA:50,2,0,2
BRDA:63,3,0,6
BRDA:80,4,0,2
BRDA:93,5,0,1
BRF:6
BRH:6
end_of_record
TN:
SF:components/ui/badge/index.tsx
FN:31,(anonymous_0)
FN:59,(anonymous_1)
FN:85,(anonymous_2)
FNF:3
FNH:3
FNDA:69,(anonymous_0)
FNDA:69,(anonymous_1)
FNDA:2,(anonymous_2)
DA:30,4
DA:32,69
DA:40,69
DA:45,69
DA:58,4
DA:60,69
DA:62,69
DA:63,69
DA:64,69
DA:65,69
DA:66,69
DA:67,69
DA:68,69
DA:69,68
DA:71,69
DA:84,4
DA:86,2
DA:94,4
DA:95,4
DA:96,4
LF:20
LH:20
BRDA:31,0,0,0
BRDA:31,1,0,0
BRDA:31,2,0,3
BRDA:31,3,0,69
BRDA:33,4,0,66
BRDA:33,4,1,3
BRDA:34,5,0,66
BRDA:34,5,1,3
BRDA:35,6,0,66
BRDA:35,6,1,3
BRDA:36,7,0,66
BRDA:36,7,1,3
BRDA:37,8,0,66
BRDA:37,8,1,3
BRDA:59,9,0,69
BRDA:62,10,0,0
BRDA:62,10,1,69
BRDA:63,11,0,2
BRDA:63,11,1,67
BRDA:64,12,0,2
BRDA:64,12,1,67
BRDA:65,13,0,1
BRDA:65,13,1,68
BRDA:66,14,0,2
BRDA:66,14,1,67
BRDA:67,15,0,1
BRDA:67,15,1,68
BRDA:68,16,0,1
BRDA:68,16,1,68
BRDA:85,17,0,2
BRF:30
BRH:27
end_of_record
TN:
SF:components/ui/box/index.tsx
FN:11,Box
FNF:1
FNH:1
FNDA:181,Box
DA:10,3
DA:12,181
DA:18,3
LF:3
LH:3
BRF:0
BRH:0
end_of_record
TN:
SF:components/ui/box/styles.tsx
FNF:0
FNH:0
DA:3,3
DA:7,3
LF:2
LH:2
BRDA:3,0,0,0
BRDA:3,0,1,3
BRF:2
BRH:1
end_of_record
TN:
SF:components/ui/button/index.tsx
FN:290,(anonymous_0)
FN:311,(anonymous_1)
FN:355,(anonymous_2)
FN:407,(anonymous_3)
FNF:4
FNH:4
FNDA:105,(anonymous_0)
FNDA:83,(anonymous_1)
FNDA:40,(anonymous_2)
FNDA:1,(anonymous_3)
DA:13,5
DA:15,5
DA:17,5
DA:25,5
DA:38,5
DA:120,5
DA:199,5
DA:255,5
DA:286,5
DA:294,105
DA:308,5
DA:316,83
DA:318,83
DA:342,5
DA:352,5
DA:360,40
DA:362,40
DA:363,1
DA:371,39
DA:375,1
DA:383,38
DA:403,5
DA:417,1
DA:432,5
DA:433,5
DA:434,5
DA:435,5
DA:436,5
LF:28
LH:28
BRDA:291,0,0,5
BRDA:291,1,0,22
BRDA:291,2,0,103
BRDA:362,3,0,1
BRDA:362,3,1,39
BRDA:371,4,0,1
BRDA:371,4,1,38
BRDA:372,5,0,39
BRDA:372,5,1,38
BRDA:372,5,2,1
BRDA:410,6,0,0
BRDA:411,7,0,0
BRDA:412,8,0,0
BRF:13
BRH:10
end_of_record
TN:
SF:components/ui/center/index.tsx
FN:9,Center
FNF:1
FNH:1
FNDA:1,Center
DA:8,1
DA:10,1
DA:20,1
LF:3
LH:3
BRF:0
BRH:0
end_of_record
TN:
SF:components/ui/center/styles.tsx
FNF:0
FNH:0
DA:3,1
DA:5,1
LF:2
LH:2
BRDA:3,0,0,0
BRDA:3,0,1,1
BRF:2
BRH:1
end_of_record
TN:
SF:components/ui/divider/index.tsx
FN:11,(anonymous_0)
FNF:1
FNH:1
FNDA:22,(anonymous_0)
DA:10,2
DA:12,22
DA:17,22
DA:28,2
LF:4
LH:4
BRDA:11,0,0,22
BRDA:11,1,0,0
BRF:2
BRH:1
end_of_record
TN:
SF:components/ui/gluestack-ui-provider/config.ts
FNF:0
FNH:0
DA:4,4
LF:1
LH:1
BRF:0
BRH:0
end_of_record
TN:
SF:components/ui/gluestack-ui-provider/index.tsx
FN:10,GluestackUIProvider
FN:20,(anonymous_1)
FNF:2
FNH:2
FNDA:7,GluestackUIProvider
FNDA:7,(anonymous_1)
DA:18,7
DA:20,7
DA:21,7
DA:25,7
LF:4
LH:4
BRDA:11,0,0,0
BRF:1
BRH:0
end_of_record
TN:
SF:components/ui/gluestack-ui-provider/script.ts
FN:1,(anonymous_0)
FN:4,getSystemColorMode
FNF:2
FNH:2
FNDA:5,(anonymous_0)
FNDA:3,getSystemColorMode
DA:1,1
DA:2,5
DA:5,3
DA:10,5
DA:11,5
DA:12,5
DA:13,4
DA:14,4
DA:15,4
DA:17,1
LF:10
LH:10
BRDA:5,0,0,1
BRDA:5,0,1,1
BRDA:12,1,0,3
BRDA:12,1,1,2
BRDA:13,2,0,2
BRDA:13,2,1,2
BRF:6
BRH:6
end_of_record
TN:
SF:components/ui/heading/index.tsx
FN:21,MappedHeading
FN:179,Heading
FNF:2
FNH:2
FNDA:70,MappedHeading
FNDA:71,Heading
DA:12,4
DA:13,4
DA:14,4
DA:15,4
DA:16,4
DA:17,4
DA:19,4
DA:36,70
DA:40,1
DA:59,7
DA:78,1
DA:97,16
DA:116,1
DA:136,44
DA:155,0
DA:178,4
DA:191,71
DA:193,71
DA:194,1
DA:212,70
DA:218,4
LF:21
LH:20
BRDA:36,0,0,1
BRDA:36,0,1,1
BRDA:36,0,2,1
BRDA:36,0,3,7
BRDA:36,0,4,1
BRDA:36,0,5,16
BRDA:36,0,6,1
BRDA:36,0,7,44
BRDA:36,0,8,44
BRDA:36,0,9,0
BRDA:180,1,0,2
BRDA:193,2,0,1
BRDA:193,2,1,70
BRF:13
BRH:12
end_of_record
TN:
SF:components/ui/heading/styles.tsx
FNF:0
FNH:0
DA:2,4
DA:6,4
LF:2
LH:2
BRDA:2,0,0,0
BRDA:2,0,1,4
BRF:2
BRH:1
end_of_record
TN:
SF:components/ui/hstack/index.tsx
FN:13,HStack
FNF:1
FNH:1
FNDA:165,HStack
DA:12,3
DA:14,165
DA:26,3
LF:3
LH:3
BRF:0
BRH:0
end_of_record
TN:
SF:components/ui/hstack/styles.tsx
FNF:0
FNH:0
DA:3,3
LF:1
LH:1
BRF:0
BRH:0
end_of_record
TN:
SF:components/ui/icon/index.tsx
FN:50,Icon
FN:86,(anonymous_1)
FN:95,UIIcon
FNF:3
FNH:3
FNDA:3,Icon
FNDA:1,(anonymous_1)
FNDA:1,UIIcon
DA:11,1
DA:18,1
DA:32,1
DA:49,1
DA:51,3
DA:52,1
DA:60,2
DA:64,0
DA:72,2
DA:86,1
DA:87,1
DA:95,1
DA:104,1
DA:115,1
DA:136,1
DA:139,1
DA:166,1
DA:169,1
DA:190,1
DA:212,1
DA:234,1
DA:255,1
DA:256,1
DA:257,1
DA:258,1
DA:262,1
DA:285,1
DA:289,1
DA:310,1
DA:314,1
DA:383,1
DA:387,1
DA:402,1
DA:423,1
DA:424,1
DA:428,1
DA:444,1
DA:459,1
DA:474,1
DA:490,1
DA:512,1
DA:534,1
DA:556,1
DA:557,1
DA:558,1
DA:559,1
DA:560,1
DA:561,1
DA:562,1
DA:574,1
DA:589,1
DA:593,1
DA:614,1
DA:618,1
DA:639,1
DA:666,1
DA:667,1
DA:671,1
DA:692,1
DA:696,1
DA:723,1
DA:726,1
DA:747,1
DA:750,1
DA:771,1
DA:773,1
DA:806,1
DA:809,1
DA:824,1
DA:827,1
DA:854,1
DA:857,1
DA:902,1
DA:905,1
DA:932,1
DA:935,1
DA:962,1
DA:965,1
DA:986,1
DA:988,1
DA:1015,1
DA:1018,1
DA:1033,1
DA:1036,1
DA:1057,1
DA:1060,1
DA:1081,1
DA:1084,1
DA:1111,1
DA:1114,1
DA:1129,1
DA:1133,1
DA:1148,1
DA:1151,1
DA:1166,1
DA:1169,1
DA:1184,1
DA:1187,1
DA:1208,1
DA:1211,1
DA:1226,1
DA:1229,1
DA:1262,1
DA:1264,1
DA:1303,1
DA:1306,1
DA:1327,1
DA:1330,1
DA:1351,1
DA:1354,1
DA:1393,1
DA:1396,1
DA:1417,1
DA:1420,1
DA:1435,1
DA:1438,1
DA:1501,1
DA:1504,1
DA:1531,1
DA:1534,1
DA:1561,1
DA:1564,1
DA:1585,1
LF:123
LH:122
BRDA:50,0,0,2
BRDA:51,1,0,1
BRDA:51,1,1,2
BRDA:60,2,0,0
BRDA:60,2,1,2
BRDA:61,3,0,2
BRDA:61,3,1,1
BRDA:61,3,2,1
BRF:8
BRH:7
end_of_record
TN:
SF:components/ui/image/index.tsx
FN:24,(anonymous_0)
FNF:1
FNH:1
FNDA:65,(anonymous_0)
DA:23,2
DA:25,65
DA:41,2
LF:3
LH:3
BRDA:24,0,0,65
BRDA:29,1,0,1
BRDA:29,1,1,64
BRF:3
BRH:3
end_of_record
TN:
SF:components/ui/input/index.tsx
FN:106,Input
FN:131,InputIcon
FN:175,InputSlot
FN:193,InputField
FNF:4
FNH:4
FNDA:14,Input
FNDA:14,InputIcon
FNDA:12,InputSlot
FNDA:12,InputField
DA:13,2
DA:15,2
DA:22,2
DA:35,2
DA:59,2
DA:73,2
DA:77,2
DA:105,2
DA:110,14
DA:128,2
DA:132,14
DA:134,14
DA:135,1
DA:143,13
DA:147,1
DA:155,12
DA:172,2
DA:176,12
DA:190,2
DA:194,12
DA:196,12
DA:211,2
DA:212,2
DA:213,2
DA:214,2
LF:25
LH:25
BRDA:107,0,0,13
BRDA:107,1,0,13
BRDA:134,2,0,1
BRDA:134,2,1,13
BRDA:143,3,0,1
BRDA:143,3,1,12
BRDA:144,4,0,13
BRDA:144,4,1,12
BRDA:144,4,2,1
BRF:9
BRH:9
end_of_record
TN:
SF:components/ui/pressable/index.tsx
FN:10,(anonymous_0)
FNF:1
FNH:1
FNDA:64,(anonymous_0)
DA:9,1
DA:11,64
DA:20,1
LF:3
LH:3
BRF:0
BRH:0
end_of_record
TN:
SF:components/ui/scroll-view/index.tsx
FN:13,(anonymous_0)
FNF:1
FNH:1
FNDA:22,(anonymous_0)
DA:10,1
DA:14,22
DA:25,1
LF:3
LH:3
BRF:0
BRH:0
end_of_record
TN:
SF:components/ui/skeleton/index.tsx
FN:22,(anonymous_0)
FN:25,(anonymous_1)
FN:43,(anonymous_2)
FN:79,(anonymous_3)
FN:82,(anonymous_4)
FN:100,(anonymous_5)
FN:122,(anonymous_6)
FNF:7
FNH:7
FNDA:8,(anonymous_0)
FNDA:6,(anonymous_1)
FNDA:5,(anonymous_2)
FNDA:4,(anonymous_3)
FNDA:4,(anonymous_4)
FNDA:2,(anonymous_5)
FNDA:6,(anonymous_6)
DA:21,2
DA:23,8
DA:25,8
DA:26,6
DA:27,5
DA:41,5
DA:43,5
DA:47,8
DA:52,8
DA:58,8
DA:59,1
DA:62,7
DA:78,2
DA:80,4
DA:82,4
DA:83,4
DA:84,2
DA:98,2
DA:100,2
DA:104,4
DA:109,4
DA:116,4
DA:117,2
DA:120,2
DA:123,6
DA:136,2
DA:137,2
LF:27
LH:27
BRDA:22,0,0,5
BRDA:22,1,0,7
BRDA:22,2,0,5
BRDA:22,3,0,8
BRDA:26,4,0,5
BRDA:26,4,1,1
BRDA:31,5,0,1
BRDA:31,5,1,4
BRDA:31,6,0,3
BRDA:31,6,1,1
BRDA:31,7,0,1
BRDA:31,7,1,0
BRDA:36,8,0,1
BRDA:36,8,1,4
BRDA:36,9,0,3
BRDA:36,9,1,1
BRDA:36,10,0,1
BRDA:36,10,1,0
BRDA:58,11,0,1
BRDA:58,11,1,7
BRDA:58,12,0,8
BRDA:58,12,1,1
BRDA:79,13,0,2
BRDA:79,14,0,3
BRDA:79,15,0,2
BRDA:79,16,0,4
BRDA:79,17,0,4
BRDA:83,18,0,2
BRDA:83,18,1,2
BRDA:88,19,0,0
BRDA:88,19,1,2
BRDA:88,20,0,2
BRDA:88,20,1,0
BRDA:88,21,0,0
BRDA:88,21,1,0
BRDA:93,22,0,0
BRDA:93,22,1,2
BRDA:93,23,0,2
BRDA:93,23,1,0
BRDA:93,24,0,0
BRDA:93,24,1,0
BRDA:116,25,0,2
BRDA:116,25,1,2
BRDA:116,26,0,4
BRDA:116,26,1,2
BRDA:125,27,0,2
BRDA:125,27,1,4
BRF:47
BRH:37
end_of_record
TN:
SF:components/ui/text/index.tsx
FN:11,Text
FNF:1
FNH:1
FNDA:114,Text
DA:10,3
DA:26,114
DA:46,3
LF:3
LH:3
BRDA:18,0,0,12
BRF:1
BRH:1
end_of_record
TN:
SF:components/ui/text/styles.tsx
FNF:0
FNH:0
DA:3,3
DA:7,3
LF:2
LH:2
BRDA:3,0,0,0
BRDA:3,0,1,3
BRF:2
BRH:1
end_of_record
TN:
SF:components/ui/vstack/index.tsx
FN:11,VStack
FNF:1
FNH:1
FNDA:150,VStack
DA:10,3
DA:12,150
DA:26,3
LF:3
LH:3
BRF:0
BRH:0
end_of_record
TN:
SF:components/ui/vstack/styles.tsx
FNF:0
FNH:0
DA:3,3
DA:7,3
LF:2
LH:2
BRDA:3,0,0,0
BRDA:3,0,1,3
BRF:2
BRH:1
end_of_record
